TN:
SF:src/components/map.jsx
FN:40,(anonymous_0)
FN:47,(anonymous_1)
FN:64,(anonymous_2)
FN:85,(anonymous_3)
FN:87,(anonymous_4)
FN:88,(anonymous_5)
FN:91,(anonymous_6)
FN:97,(anonymous_7)
FN:115,(anonymous_8)
FN:122,(anonymous_9)
FN:131,(anonymous_10)
FN:138,(anonymous_11)
FN:143,(anonymous_12)
FN:150,(anonymous_13)
FN:155,(anonymous_14)
FN:162,(anonymous_15)
FN:168,(anonymous_16)
FN:175,(anonymous_17)
FN:188,(anonymous_18)
FNF:19
FNH:4
FNDA:0,(anonymous_0)
FNDA:0,(anonymous_1)
FNDA:0,(anonymous_2)
FNDA:1,(anonymous_3)
FNDA:0,(anonymous_4)
FNDA:0,(anonymous_5)
FNDA:1,(anonymous_6)
FNDA:0,(anonymous_7)
FNDA:2,(anonymous_8)
FNDA:1,(anonymous_9)
FNDA:0,(anonymous_10)
FNDA:0,(anonymous_11)
FNDA:0,(anonymous_12)
FNDA:0,(anonymous_13)
FNDA:0,(anonymous_14)
FNDA:0,(anonymous_15)
FNDA:0,(anonymous_16)
FNDA:0,(anonymous_17)
FNDA:0,(anonymous_18)
DA:10,1
DA:12,1
DA:20,1
DA:41,0
DA:42,0
DA:43,0
DA:44,0
DA:45,0
DA:46,0
DA:47,0
DA:48,0
DA:49,0
DA:50,0
DA:51,0
DA:62,0
DA:64,0
DA:65,0
DA:66,0
DA:67,0
DA:68,0
DA:69,0
DA:70,0
DA:71,0
DA:72,0
DA:73,0
DA:74,0
DA:77,0
DA:78,0
DA:79,0
DA:80,0
DA:81,0
DA:82,0
DA:86,1
DA:87,0
DA:88,0
DA:92,1
DA:93,0
DA:97,1
DA:98,0
DA:99,0
DA:100,0
DA:101,0
DA:102,0
DA:103,0
DA:104,0
DA:105,0
DA:106,0
DA:107,0
DA:108,0
DA:109,0
DA:110,0
DA:112,0
DA:116,2
DA:117,2
DA:122,1
DA:133,0
DA:138,0
DA:145,0
DA:150,0
DA:157,0
DA:162,0
DA:170,0
DA:175,0
DA:188,0
LF:64
LH:9
BRDA:50,0,0,0
BRDA:50,0,1,0
BRDA:67,1,0,0
BRDA:67,1,1,0
BRDA:69,2,0,0
BRDA:69,2,1,0
BRDA:71,3,0,0
BRDA:71,3,1,0
BRDA:73,4,0,0
BRDA:73,4,1,0
BRDA:92,5,0,0
BRDA:92,5,1,1
BRDA:99,6,0,0
BRDA:99,6,1,0
BRDA:101,7,0,0
BRDA:101,7,1,0
BRDA:103,8,0,0
BRDA:103,8,1,0
BRDA:105,9,0,0
BRDA:105,9,1,0
BRDA:107,10,0,0
BRDA:107,10,1,0
BRDA:109,11,0,0
BRDA:109,11,1,0
BRDA:181,12,0,2
BRDA:181,12,1,0
BRF:26
BRH:2
end_of_record
TN:
SF:src/functions/functions.js
FN:1,(anonymous_0)
FN:3,(anonymous_1)
FN:11,(anonymous_2)
FNF:3
FNH:3
FNDA:2,(anonymous_0)
FNDA:2,(anonymous_1)
FNDA:4,(anonymous_2)
DA:1,1
DA:2,2
DA:3,2
DA:4,2
DA:5,1
DA:8,2
DA:11,1
DA:12,4
DA:13,4
DA:14,1
DA:15,3
DA:16,1
DA:17,2
DA:18,1
DA:20,1
LF:15
LH:15
BRDA:4,0,0,1
BRDA:4,0,1,1
BRDA:12,1,0,4
BRDA:12,1,1,0
BRDA:13,2,0,1
BRDA:13,2,1,3
BRDA:15,3,0,1
BRDA:15,3,1,2
BRDA:17,4,0,1
BRDA:17,4,1,1
BRF:10
BRH:9
end_of_record
